[2026-02-13T05:39:45.971+0000] {local_task_job_runner.py:120} INFO - ::group::Pre task execution logs
[2026-02-13T05:39:46.330+0000] {taskinstance.py:2076} INFO - Dependencies all met for dep_context=non-requeueable deps ti=<TaskInstance: marketing_warehouse_pipeline.ingest_crm manual__2026-02-13T05:39:42.113863+00:00 [queued]>
[2026-02-13T05:39:46.354+0000] {taskinstance.py:2076} INFO - Dependencies all met for dep_context=requeueable deps ti=<TaskInstance: marketing_warehouse_pipeline.ingest_crm manual__2026-02-13T05:39:42.113863+00:00 [queued]>
[2026-02-13T05:39:46.355+0000] {taskinstance.py:2306} INFO - Starting attempt 1 of 3
[2026-02-13T05:39:46.410+0000] {taskinstance.py:2330} INFO - Executing <Task(BashOperator): ingest_crm> on 2026-02-13 05:39:42.113863+00:00
[2026-02-13T05:39:46.430+0000] {standard_task_runner.py:90} INFO - Running: ['airflow', 'tasks', 'run', 'marketing_warehouse_pipeline', 'ingest_crm', 'manual__2026-02-13T05:39:42.113863+00:00', '--job-id', '100', '--raw', '--subdir', 'DAGS_FOLDER/marketing_warehouse_pipeline.py', '--cfg-path', '/tmp/tmpy48w0h5j']
[2026-02-13T05:39:46.439+0000] {standard_task_runner.py:91} INFO - Job 100: Subtask ingest_crm
[2026-02-13T05:39:46.443+0000] {logging_mixin.py:188} WARNING - /home/airflow/.local/lib/python3.12/site-packages/airflow/task/task_runner/standard_task_runner.py:61 DeprecationWarning: This process (pid=2371) is multi-threaded, use of fork() may lead to deadlocks in the child.
[2026-02-13T05:39:46.446+0000] {standard_task_runner.py:63} INFO - Started process 2374 to run task
[2026-02-13T05:39:47.159+0000] {task_command.py:426} INFO - Running <TaskInstance: marketing_warehouse_pipeline.ingest_crm manual__2026-02-13T05:39:42.113863+00:00 [running]> on host 7fe2c4f78d9e
[2026-02-13T05:39:48.232+0000] {taskinstance.py:2648} INFO - Exporting env vars: AIRFLOW_CTX_DAG_OWNER='data-engineering' AIRFLOW_CTX_DAG_ID='marketing_warehouse_pipeline' AIRFLOW_CTX_TASK_ID='ingest_crm' AIRFLOW_CTX_EXECUTION_DATE='2026-02-13T05:39:42.113863+00:00' AIRFLOW_CTX_TRY_NUMBER='1' AIRFLOW_CTX_DAG_RUN_ID='manual__2026-02-13T05:39:42.113863+00:00'
[2026-02-13T05:39:48.234+0000] {taskinstance.py:430} INFO - ::endgroup::
[2026-02-13T05:39:48.297+0000] {subprocess.py:63} INFO - Tmp dir root location: /tmp
[2026-02-13T05:39:48.300+0000] {subprocess.py:75} INFO - Running command: ['/usr/bin/bash', '-c', 'python /opt/airflow/ingestion/load_crm.py']
[2026-02-13T05:39:48.315+0000] {subprocess.py:86} INFO - Output:
[2026-02-13T05:39:51.279+0000] {subprocess.py:93} INFO - Structurally bad rows: 1
[2026-02-13T05:39:51.280+0000] {subprocess.py:93} INFO - Revenue bounds:
[2026-02-13T05:39:51.281+0000] {subprocess.py:93} INFO - Lower: -271.0
[2026-02-13T05:39:51.282+0000] {subprocess.py:93} INFO - Upper: 689.0
[2026-02-13T05:39:51.283+0000] {subprocess.py:93} INFO - Outliers found: 1
[2026-02-13T05:39:51.283+0000] {subprocess.py:93} INFO - Parsed rows: 84
[2026-02-13T05:39:51.284+0000] {subprocess.py:93} INFO - Rejected rows: 3
[2026-02-13T05:39:51.285+0000] {subprocess.py:93} INFO -      order_id customer_id  ...       date        _dq_reason
[2026-02-13T05:39:51.286+0000] {subprocess.py:93} INFO - 7   ORD-10008   CUST-6789  ... 2024-01-02  missing_required
[2026-02-13T05:39:51.287+0000] {subprocess.py:93} INFO - 76  ORD-10076   CUST-1098  ... 2024-01-15  negative_revenue
[2026-02-13T05:39:51.287+0000] {subprocess.py:93} INFO - 81  ORD-10081   CUST-2109  ... 2024-01-15   revenue_outlier
[2026-02-13T05:39:51.288+0000] {subprocess.py:93} INFO - 
[2026-02-13T05:39:51.289+0000] {subprocess.py:93} INFO - [3 rows x 10 columns]
[2026-02-13T05:39:51.290+0000] {subprocess.py:93} INFO - Valid rows: 81
[2026-02-13T05:39:51.291+0000] {subprocess.py:93} INFO - Valid unique order_ids: 78
[2026-02-13T05:39:51.292+0000] {subprocess.py:93} INFO - Traceback (most recent call last):
[2026-02-13T05:39:51.292+0000] {subprocess.py:93} INFO -   File "/opt/airflow/ingestion/load_crm.py", line 209, in <module>
[2026-02-13T05:39:51.294+0000] {subprocess.py:93} INFO -     load_crm(df)
[2026-02-13T05:39:51.295+0000] {subprocess.py:93} INFO -   File "/opt/airflow/ingestion/load_crm.py", line 171, in load_crm
[2026-02-13T05:39:51.297+0000] {subprocess.py:93} INFO -     rows = list(df[cols].itertuples(index=False, name=None))
[2026-02-13T05:39:51.298+0000] {subprocess.py:93} INFO -                 ~~^^^^^^
[2026-02-13T05:39:51.299+0000] {subprocess.py:93} INFO - TypeError: 'int' object is not subscriptable
[2026-02-13T05:39:51.429+0000] {subprocess.py:97} INFO - Command exited with return code 1
[2026-02-13T05:39:51.431+0000] {taskinstance.py:441} INFO - ::group::Post task execution logs
[2026-02-13T05:39:51.696+0000] {taskinstance.py:2905} ERROR - Task failed with exception
Traceback (most recent call last):
  File "/home/airflow/.local/lib/python3.12/site-packages/airflow/models/taskinstance.py", line 465, in _execute_task
    result = _execute_callable(context=context, **execute_callable_kwargs)
             ^^^^^^^^^^^^^^^^^^^^^^^^^^^^^^^^^^^^^^^^^^^^^^^^^^^^^^^^^^^^^
  File "/home/airflow/.local/lib/python3.12/site-packages/airflow/models/taskinstance.py", line 432, in _execute_callable
    return execute_callable(context=context, **execute_callable_kwargs)
           ^^^^^^^^^^^^^^^^^^^^^^^^^^^^^^^^^^^^^^^^^^^^^^^^^^^^^^^^^^^^
  File "/home/airflow/.local/lib/python3.12/site-packages/airflow/models/baseoperator.py", line 400, in wrapper
    return func(self, *args, **kwargs)
           ^^^^^^^^^^^^^^^^^^^^^^^^^^^
  File "/home/airflow/.local/lib/python3.12/site-packages/airflow/operators/bash.py", line 243, in execute
    raise AirflowException(
airflow.exceptions.AirflowException: Bash command failed. The command returned a non-zero exit code 1.
[2026-02-13T05:39:51.714+0000] {taskinstance.py:1206} INFO - Marking task as UP_FOR_RETRY. dag_id=marketing_warehouse_pipeline, task_id=ingest_crm, run_id=manual__2026-02-13T05:39:42.113863+00:00, execution_date=20260213T053942, start_date=20260213T053946, end_date=20260213T053951
[2026-02-13T05:39:51.802+0000] {standard_task_runner.py:110} ERROR - Failed to execute job 100 for task ingest_crm (Bash command failed. The command returned a non-zero exit code 1.; 2374)
[2026-02-13T05:39:52.153+0000] {local_task_job_runner.py:240} INFO - Task exited with return code 1
[2026-02-13T05:39:52.385+0000] {taskinstance.py:3498} INFO - 0 downstream tasks scheduled from follow-on schedule check
[2026-02-13T05:39:52.391+0000] {local_task_job_runner.py:222} INFO - ::endgroup::
