[2026-02-12T05:29:53.251+0000] {local_task_job_runner.py:120} INFO - ::group::Pre task execution logs
[2026-02-12T05:29:53.382+0000] {taskinstance.py:2076} INFO - Dependencies all met for dep_context=non-requeueable deps ti=<TaskInstance: marketing_warehouse_pipeline.dbt_run manual__2026-02-12T05:29:46.728729+00:00 [queued]>
[2026-02-12T05:29:53.394+0000] {taskinstance.py:2076} INFO - Dependencies all met for dep_context=requeueable deps ti=<TaskInstance: marketing_warehouse_pipeline.dbt_run manual__2026-02-12T05:29:46.728729+00:00 [queued]>
[2026-02-12T05:29:53.395+0000] {taskinstance.py:2306} INFO - Starting attempt 1 of 3
[2026-02-12T05:29:53.413+0000] {taskinstance.py:2330} INFO - Executing <Task(BashOperator): dbt_run> on 2026-02-12 05:29:46.728729+00:00
[2026-02-12T05:29:53.422+0000] {standard_task_runner.py:90} INFO - Running: ['airflow', 'tasks', 'run', 'marketing_warehouse_pipeline', 'dbt_run', 'manual__2026-02-12T05:29:46.728729+00:00', '--job-id', '52', '--raw', '--subdir', 'DAGS_FOLDER/marketing_warehouse_pipeline.py', '--cfg-path', '/tmp/tmpqjvgv_wh']
[2026-02-12T05:29:53.424+0000] {standard_task_runner.py:91} INFO - Job 52: Subtask dbt_run
[2026-02-12T05:29:53.428+0000] {logging_mixin.py:188} WARNING - /home/airflow/.local/lib/python3.12/site-packages/airflow/task/task_runner/standard_task_runner.py:61 DeprecationWarning: This process (pid=217) is multi-threaded, use of fork() may lead to deadlocks in the child.
[2026-02-12T05:29:53.429+0000] {standard_task_runner.py:63} INFO - Started process 218 to run task
[2026-02-12T05:29:53.727+0000] {task_command.py:426} INFO - Running <TaskInstance: marketing_warehouse_pipeline.dbt_run manual__2026-02-12T05:29:46.728729+00:00 [running]> on host 1fba4c36ee31
[2026-02-12T05:29:54.371+0000] {taskinstance.py:2648} INFO - Exporting env vars: AIRFLOW_CTX_DAG_OWNER='data-engineering' AIRFLOW_CTX_DAG_ID='marketing_warehouse_pipeline' AIRFLOW_CTX_TASK_ID='dbt_run' AIRFLOW_CTX_EXECUTION_DATE='2026-02-12T05:29:46.728729+00:00' AIRFLOW_CTX_TRY_NUMBER='1' AIRFLOW_CTX_DAG_RUN_ID='manual__2026-02-12T05:29:46.728729+00:00'
[2026-02-12T05:29:54.372+0000] {taskinstance.py:430} INFO - ::endgroup::
[2026-02-12T05:29:54.393+0000] {subprocess.py:63} INFO - Tmp dir root location: /tmp
[2026-02-12T05:29:54.395+0000] {subprocess.py:75} INFO - Running command: ['/usr/bin/bash', '-c', '\n        cd /opt/airflow/dbt/campaignwarehouse &&\n        dbt run\n        ']
[2026-02-12T05:29:54.405+0000] {subprocess.py:86} INFO - Output:
[2026-02-12T05:29:58.012+0000] {subprocess.py:93} INFO - Usage: dbt run [OPTIONS]
[2026-02-12T05:29:58.013+0000] {subprocess.py:93} INFO - Try 'dbt run -h' for help.
[2026-02-12T05:29:58.013+0000] {subprocess.py:93} INFO - 
[2026-02-12T05:29:58.014+0000] {subprocess.py:93} INFO - Error: Invalid value for '--profiles-dir': Path '/home/airflow/.dbt' does not exist.
[2026-02-12T05:29:58.269+0000] {subprocess.py:97} INFO - Command exited with return code 2
[2026-02-12T05:29:58.270+0000] {taskinstance.py:441} INFO - ::group::Post task execution logs
[2026-02-12T05:29:58.381+0000] {taskinstance.py:2905} ERROR - Task failed with exception
Traceback (most recent call last):
  File "/home/airflow/.local/lib/python3.12/site-packages/airflow/models/taskinstance.py", line 465, in _execute_task
    result = _execute_callable(context=context, **execute_callable_kwargs)
             ^^^^^^^^^^^^^^^^^^^^^^^^^^^^^^^^^^^^^^^^^^^^^^^^^^^^^^^^^^^^^
  File "/home/airflow/.local/lib/python3.12/site-packages/airflow/models/taskinstance.py", line 432, in _execute_callable
    return execute_callable(context=context, **execute_callable_kwargs)
           ^^^^^^^^^^^^^^^^^^^^^^^^^^^^^^^^^^^^^^^^^^^^^^^^^^^^^^^^^^^^
  File "/home/airflow/.local/lib/python3.12/site-packages/airflow/models/baseoperator.py", line 400, in wrapper
    return func(self, *args, **kwargs)
           ^^^^^^^^^^^^^^^^^^^^^^^^^^^
  File "/home/airflow/.local/lib/python3.12/site-packages/airflow/operators/bash.py", line 243, in execute
    raise AirflowException(
airflow.exceptions.AirflowException: Bash command failed. The command returned a non-zero exit code 2.
[2026-02-12T05:29:58.387+0000] {taskinstance.py:1206} INFO - Marking task as UP_FOR_RETRY. dag_id=marketing_warehouse_pipeline, task_id=dbt_run, run_id=manual__2026-02-12T05:29:46.728729+00:00, execution_date=20260212T052946, start_date=20260212T052953, end_date=20260212T052958
[2026-02-12T05:29:58.416+0000] {standard_task_runner.py:110} ERROR - Failed to execute job 52 for task dbt_run (Bash command failed. The command returned a non-zero exit code 2.; 218)
[2026-02-12T05:29:58.423+0000] {local_task_job_runner.py:240} INFO - Task exited with return code 1
[2026-02-12T05:29:58.548+0000] {taskinstance.py:3498} INFO - 0 downstream tasks scheduled from follow-on schedule check
[2026-02-12T05:29:58.555+0000] {local_task_job_runner.py:222} INFO - ::endgroup::
