[2026-02-12T05:34:59.453+0000] {local_task_job_runner.py:120} INFO - ::group::Pre task execution logs
[2026-02-12T05:34:59.740+0000] {taskinstance.py:2076} INFO - Dependencies all met for dep_context=non-requeueable deps ti=<TaskInstance: marketing_warehouse_pipeline.dbt_run manual__2026-02-12T05:29:46.728729+00:00 [queued]>
[2026-02-12T05:34:59.781+0000] {taskinstance.py:2076} INFO - Dependencies all met for dep_context=requeueable deps ti=<TaskInstance: marketing_warehouse_pipeline.dbt_run manual__2026-02-12T05:29:46.728729+00:00 [queued]>
[2026-02-12T05:34:59.782+0000] {taskinstance.py:2306} INFO - Starting attempt 2 of 3
[2026-02-12T05:34:59.839+0000] {taskinstance.py:2330} INFO - Executing <Task(BashOperator): dbt_run> on 2026-02-12 05:29:46.728729+00:00
[2026-02-12T05:34:59.852+0000] {standard_task_runner.py:90} INFO - Running: ['airflow', 'tasks', 'run', 'marketing_warehouse_pipeline', 'dbt_run', 'manual__2026-02-12T05:29:46.728729+00:00', '--job-id', '53', '--raw', '--subdir', 'DAGS_FOLDER/marketing_warehouse_pipeline.py', '--cfg-path', '/tmp/tmps8uyni7j']
[2026-02-12T05:34:59.862+0000] {standard_task_runner.py:91} INFO - Job 53: Subtask dbt_run
[2026-02-12T05:34:59.875+0000] {logging_mixin.py:188} WARNING - /home/airflow/.local/lib/python3.12/site-packages/airflow/task/task_runner/standard_task_runner.py:61 DeprecationWarning: This process (pid=271) is multi-threaded, use of fork() may lead to deadlocks in the child.
[2026-02-12T05:34:59.877+0000] {standard_task_runner.py:63} INFO - Started process 272 to run task
[2026-02-12T05:35:00.529+0000] {task_command.py:426} INFO - Running <TaskInstance: marketing_warehouse_pipeline.dbt_run manual__2026-02-12T05:29:46.728729+00:00 [running]> on host 1fba4c36ee31
[2026-02-12T05:35:01.295+0000] {taskinstance.py:2648} INFO - Exporting env vars: AIRFLOW_CTX_DAG_OWNER='data-engineering' AIRFLOW_CTX_DAG_ID='marketing_warehouse_pipeline' AIRFLOW_CTX_TASK_ID='dbt_run' AIRFLOW_CTX_EXECUTION_DATE='2026-02-12T05:29:46.728729+00:00' AIRFLOW_CTX_TRY_NUMBER='2' AIRFLOW_CTX_DAG_RUN_ID='manual__2026-02-12T05:29:46.728729+00:00'
[2026-02-12T05:35:01.296+0000] {taskinstance.py:430} INFO - ::endgroup::
[2026-02-12T05:35:01.330+0000] {subprocess.py:63} INFO - Tmp dir root location: /tmp
[2026-02-12T05:35:01.332+0000] {subprocess.py:75} INFO - Running command: ['/usr/bin/bash', '-c', '\n        cd /opt/airflow/dbt/campaignwarehouse &&\n        dbt run\n        ']
[2026-02-12T05:35:01.345+0000] {subprocess.py:86} INFO - Output:
[2026-02-12T05:35:05.185+0000] {subprocess.py:93} INFO - Usage: dbt run [OPTIONS]
[2026-02-12T05:35:05.186+0000] {subprocess.py:93} INFO - Try 'dbt run -h' for help.
[2026-02-12T05:35:05.187+0000] {subprocess.py:93} INFO - 
[2026-02-12T05:35:05.187+0000] {subprocess.py:93} INFO - Error: Invalid value for '--profiles-dir': Path '/home/airflow/.dbt' does not exist.
[2026-02-12T05:35:05.422+0000] {subprocess.py:97} INFO - Command exited with return code 2
[2026-02-12T05:35:05.423+0000] {taskinstance.py:441} INFO - ::group::Post task execution logs
[2026-02-12T05:35:05.526+0000] {taskinstance.py:2905} ERROR - Task failed with exception
Traceback (most recent call last):
  File "/home/airflow/.local/lib/python3.12/site-packages/airflow/models/taskinstance.py", line 465, in _execute_task
    result = _execute_callable(context=context, **execute_callable_kwargs)
             ^^^^^^^^^^^^^^^^^^^^^^^^^^^^^^^^^^^^^^^^^^^^^^^^^^^^^^^^^^^^^
  File "/home/airflow/.local/lib/python3.12/site-packages/airflow/models/taskinstance.py", line 432, in _execute_callable
    return execute_callable(context=context, **execute_callable_kwargs)
           ^^^^^^^^^^^^^^^^^^^^^^^^^^^^^^^^^^^^^^^^^^^^^^^^^^^^^^^^^^^^
  File "/home/airflow/.local/lib/python3.12/site-packages/airflow/models/baseoperator.py", line 400, in wrapper
    return func(self, *args, **kwargs)
           ^^^^^^^^^^^^^^^^^^^^^^^^^^^
  File "/home/airflow/.local/lib/python3.12/site-packages/airflow/operators/bash.py", line 243, in execute
    raise AirflowException(
airflow.exceptions.AirflowException: Bash command failed. The command returned a non-zero exit code 2.
[2026-02-12T05:35:05.531+0000] {taskinstance.py:1206} INFO - Marking task as UP_FOR_RETRY. dag_id=marketing_warehouse_pipeline, task_id=dbt_run, run_id=manual__2026-02-12T05:29:46.728729+00:00, execution_date=20260212T052946, start_date=20260212T053459, end_date=20260212T053505
[2026-02-12T05:35:05.558+0000] {standard_task_runner.py:110} ERROR - Failed to execute job 53 for task dbt_run (Bash command failed. The command returned a non-zero exit code 2.; 272)
[2026-02-12T05:35:05.581+0000] {local_task_job_runner.py:240} INFO - Task exited with return code 1
[2026-02-12T05:35:05.711+0000] {taskinstance.py:3498} INFO - 0 downstream tasks scheduled from follow-on schedule check
[2026-02-12T05:35:05.719+0000] {local_task_job_runner.py:222} INFO - ::endgroup::
