[2026-02-12T05:40:06.767+0000] {local_task_job_runner.py:120} INFO - ::group::Pre task execution logs
[2026-02-12T05:40:06.887+0000] {taskinstance.py:2076} INFO - Dependencies all met for dep_context=non-requeueable deps ti=<TaskInstance: marketing_warehouse_pipeline.dbt_run manual__2026-02-12T05:29:46.728729+00:00 [queued]>
[2026-02-12T05:40:06.897+0000] {taskinstance.py:2076} INFO - Dependencies all met for dep_context=requeueable deps ti=<TaskInstance: marketing_warehouse_pipeline.dbt_run manual__2026-02-12T05:29:46.728729+00:00 [queued]>
[2026-02-12T05:40:06.897+0000] {taskinstance.py:2306} INFO - Starting attempt 3 of 3
[2026-02-12T05:40:06.918+0000] {taskinstance.py:2330} INFO - Executing <Task(BashOperator): dbt_run> on 2026-02-12 05:29:46.728729+00:00
[2026-02-12T05:40:06.926+0000] {standard_task_runner.py:90} INFO - Running: ['airflow', 'tasks', 'run', 'marketing_warehouse_pipeline', 'dbt_run', 'manual__2026-02-12T05:29:46.728729+00:00', '--job-id', '54', '--raw', '--subdir', 'DAGS_FOLDER/marketing_warehouse_pipeline.py', '--cfg-path', '/tmp/tmplfpee3fz']
[2026-02-12T05:40:06.929+0000] {standard_task_runner.py:91} INFO - Job 54: Subtask dbt_run
[2026-02-12T05:40:06.934+0000] {logging_mixin.py:188} WARNING - /home/airflow/.local/lib/python3.12/site-packages/airflow/task/task_runner/standard_task_runner.py:61 DeprecationWarning: This process (pid=330) is multi-threaded, use of fork() may lead to deadlocks in the child.
[2026-02-12T05:40:06.935+0000] {standard_task_runner.py:63} INFO - Started process 331 to run task
[2026-02-12T05:40:07.261+0000] {task_command.py:426} INFO - Running <TaskInstance: marketing_warehouse_pipeline.dbt_run manual__2026-02-12T05:29:46.728729+00:00 [running]> on host 1fba4c36ee31
[2026-02-12T05:40:07.712+0000] {taskinstance.py:2648} INFO - Exporting env vars: AIRFLOW_CTX_DAG_OWNER='data-engineering' AIRFLOW_CTX_DAG_ID='marketing_warehouse_pipeline' AIRFLOW_CTX_TASK_ID='dbt_run' AIRFLOW_CTX_EXECUTION_DATE='2026-02-12T05:29:46.728729+00:00' AIRFLOW_CTX_TRY_NUMBER='3' AIRFLOW_CTX_DAG_RUN_ID='manual__2026-02-12T05:29:46.728729+00:00'
[2026-02-12T05:40:07.713+0000] {taskinstance.py:430} INFO - ::endgroup::
[2026-02-12T05:40:07.728+0000] {subprocess.py:63} INFO - Tmp dir root location: /tmp
[2026-02-12T05:40:07.730+0000] {subprocess.py:75} INFO - Running command: ['/usr/bin/bash', '-c', '\n        cd /opt/airflow/dbt/campaignwarehouse &&\n        dbt run\n        ']
[2026-02-12T05:40:07.739+0000] {subprocess.py:86} INFO - Output:
[2026-02-12T05:40:10.066+0000] {subprocess.py:93} INFO - Usage: dbt run [OPTIONS]
[2026-02-12T05:40:10.067+0000] {subprocess.py:93} INFO - Try 'dbt run -h' for help.
[2026-02-12T05:40:10.067+0000] {subprocess.py:93} INFO - 
[2026-02-12T05:40:10.068+0000] {subprocess.py:93} INFO - Error: Invalid value for '--profiles-dir': Path '/home/airflow/.dbt' does not exist.
[2026-02-12T05:40:10.311+0000] {subprocess.py:97} INFO - Command exited with return code 2
[2026-02-12T05:40:10.312+0000] {taskinstance.py:441} INFO - ::group::Post task execution logs
[2026-02-12T05:40:10.421+0000] {taskinstance.py:2905} ERROR - Task failed with exception
Traceback (most recent call last):
  File "/home/airflow/.local/lib/python3.12/site-packages/airflow/models/taskinstance.py", line 465, in _execute_task
    result = _execute_callable(context=context, **execute_callable_kwargs)
             ^^^^^^^^^^^^^^^^^^^^^^^^^^^^^^^^^^^^^^^^^^^^^^^^^^^^^^^^^^^^^
  File "/home/airflow/.local/lib/python3.12/site-packages/airflow/models/taskinstance.py", line 432, in _execute_callable
    return execute_callable(context=context, **execute_callable_kwargs)
           ^^^^^^^^^^^^^^^^^^^^^^^^^^^^^^^^^^^^^^^^^^^^^^^^^^^^^^^^^^^^
  File "/home/airflow/.local/lib/python3.12/site-packages/airflow/models/baseoperator.py", line 400, in wrapper
    return func(self, *args, **kwargs)
           ^^^^^^^^^^^^^^^^^^^^^^^^^^^
  File "/home/airflow/.local/lib/python3.12/site-packages/airflow/operators/bash.py", line 243, in execute
    raise AirflowException(
airflow.exceptions.AirflowException: Bash command failed. The command returned a non-zero exit code 2.
[2026-02-12T05:40:10.425+0000] {taskinstance.py:1206} INFO - Marking task as FAILED. dag_id=marketing_warehouse_pipeline, task_id=dbt_run, run_id=manual__2026-02-12T05:29:46.728729+00:00, execution_date=20260212T052946, start_date=20260212T054006, end_date=20260212T054010
[2026-02-12T05:40:10.450+0000] {standard_task_runner.py:110} ERROR - Failed to execute job 54 for task dbt_run (Bash command failed. The command returned a non-zero exit code 2.; 331)
[2026-02-12T05:40:10.482+0000] {local_task_job_runner.py:240} INFO - Task exited with return code 1
[2026-02-12T05:40:10.597+0000] {taskinstance.py:3498} INFO - 0 downstream tasks scheduled from follow-on schedule check
[2026-02-12T05:40:10.607+0000] {local_task_job_runner.py:222} INFO - ::endgroup::
