[2026-02-12T06:09:43.629+0000] {local_task_job_runner.py:120} INFO - ::group::Pre task execution logs
[2026-02-12T06:09:43.845+0000] {taskinstance.py:2076} INFO - Dependencies all met for dep_context=non-requeueable deps ti=<TaskInstance: marketing_warehouse_pipeline.ingest_google manual__2026-02-12T06:09:41.327042+00:00 [queued]>
[2026-02-12T06:09:43.861+0000] {taskinstance.py:2076} INFO - Dependencies all met for dep_context=requeueable deps ti=<TaskInstance: marketing_warehouse_pipeline.ingest_google manual__2026-02-12T06:09:41.327042+00:00 [queued]>
[2026-02-12T06:09:43.861+0000] {taskinstance.py:2306} INFO - Starting attempt 1 of 3
[2026-02-12T06:09:43.887+0000] {taskinstance.py:2330} INFO - Executing <Task(BashOperator): ingest_google> on 2026-02-12 06:09:41.327042+00:00
[2026-02-12T06:09:43.896+0000] {standard_task_runner.py:90} INFO - Running: ['airflow', 'tasks', 'run', 'marketing_warehouse_pipeline', 'ingest_google', 'manual__2026-02-12T06:09:41.327042+00:00', '--job-id', '67', '--raw', '--subdir', 'DAGS_FOLDER/marketing_warehouse_pipeline.py', '--cfg-path', '/tmp/tmp788ejbgy']
[2026-02-12T06:09:43.903+0000] {standard_task_runner.py:91} INFO - Job 67: Subtask ingest_google
[2026-02-12T06:09:43.908+0000] {logging_mixin.py:188} WARNING - /home/airflow/.local/lib/python3.12/site-packages/airflow/task/task_runner/standard_task_runner.py:61 DeprecationWarning: This process (pid=769) is multi-threaded, use of fork() may lead to deadlocks in the child.
[2026-02-12T06:09:43.909+0000] {standard_task_runner.py:63} INFO - Started process 773 to run task
[2026-02-12T06:09:44.351+0000] {task_command.py:426} INFO - Running <TaskInstance: marketing_warehouse_pipeline.ingest_google manual__2026-02-12T06:09:41.327042+00:00 [running]> on host 1fba4c36ee31
[2026-02-12T06:09:44.962+0000] {taskinstance.py:2648} INFO - Exporting env vars: AIRFLOW_CTX_DAG_OWNER='data-engineering' AIRFLOW_CTX_DAG_ID='marketing_warehouse_pipeline' AIRFLOW_CTX_TASK_ID='ingest_google' AIRFLOW_CTX_EXECUTION_DATE='2026-02-12T06:09:41.327042+00:00' AIRFLOW_CTX_TRY_NUMBER='1' AIRFLOW_CTX_DAG_RUN_ID='manual__2026-02-12T06:09:41.327042+00:00'
[2026-02-12T06:09:44.963+0000] {taskinstance.py:430} INFO - ::endgroup::
[2026-02-12T06:09:44.999+0000] {subprocess.py:63} INFO - Tmp dir root location: /tmp
[2026-02-12T06:09:45.002+0000] {subprocess.py:75} INFO - Running command: ['/usr/bin/bash', '-c', 'python /opt/airflow/ingestion/load_google.py']
[2026-02-12T06:09:45.013+0000] {subprocess.py:86} INFO - Output:
[2026-02-12T06:09:46.983+0000] {subprocess.py:93} INFO - Total rows: 45
[2026-02-12T06:09:46.984+0000] {subprocess.py:93} INFO - Invalid rows: 0
[2026-02-12T06:09:46.985+0000] {subprocess.py:93} INFO - Valid rows: 45
[2026-02-12T06:09:46.986+0000] {subprocess.py:93} INFO - Traceback (most recent call last):
[2026-02-12T06:09:46.987+0000] {subprocess.py:93} INFO -   File "/opt/airflow/ingestion/load_google.py", line 107, in <module>
[2026-02-12T06:09:46.988+0000] {subprocess.py:93} INFO -     load_google(df)
[2026-02-12T06:09:46.989+0000] {subprocess.py:93} INFO -   File "/opt/airflow/ingestion/load_google.py", line 95, in load_google
[2026-02-12T06:09:46.993+0000] {subprocess.py:93} INFO -     execute_batch(cur, insert_sql, rows)
[2026-02-12T06:09:46.994+0000] {subprocess.py:93} INFO -   File "/home/airflow/.local/lib/python3.12/site-packages/psycopg2/extras.py", line 1216, in execute_batch
[2026-02-12T06:09:46.995+0000] {subprocess.py:93} INFO -     cur.execute(b";".join(sqls))
[2026-02-12T06:09:46.996+0000] {subprocess.py:93} INFO - psycopg2.errors.UndefinedColumn: column excluded.cost_micros does not exist
[2026-02-12T06:09:46.996+0000] {subprocess.py:93} INFO - LINE 12:     cost_micros = EXCLUDED.cost_micros,
[2026-02-12T06:09:46.997+0000] {subprocess.py:93} INFO -                            ^
[2026-02-12T06:09:46.998+0000] {subprocess.py:93} INFO - 
[2026-02-12T06:09:47.123+0000] {subprocess.py:97} INFO - Command exited with return code 1
[2026-02-12T06:09:47.124+0000] {taskinstance.py:441} INFO - ::group::Post task execution logs
[2026-02-12T06:09:47.299+0000] {taskinstance.py:2905} ERROR - Task failed with exception
Traceback (most recent call last):
  File "/home/airflow/.local/lib/python3.12/site-packages/airflow/models/taskinstance.py", line 465, in _execute_task
    result = _execute_callable(context=context, **execute_callable_kwargs)
             ^^^^^^^^^^^^^^^^^^^^^^^^^^^^^^^^^^^^^^^^^^^^^^^^^^^^^^^^^^^^^
  File "/home/airflow/.local/lib/python3.12/site-packages/airflow/models/taskinstance.py", line 432, in _execute_callable
    return execute_callable(context=context, **execute_callable_kwargs)
           ^^^^^^^^^^^^^^^^^^^^^^^^^^^^^^^^^^^^^^^^^^^^^^^^^^^^^^^^^^^^
  File "/home/airflow/.local/lib/python3.12/site-packages/airflow/models/baseoperator.py", line 400, in wrapper
    return func(self, *args, **kwargs)
           ^^^^^^^^^^^^^^^^^^^^^^^^^^^
  File "/home/airflow/.local/lib/python3.12/site-packages/airflow/operators/bash.py", line 243, in execute
    raise AirflowException(
airflow.exceptions.AirflowException: Bash command failed. The command returned a non-zero exit code 1.
[2026-02-12T06:09:47.307+0000] {taskinstance.py:1206} INFO - Marking task as UP_FOR_RETRY. dag_id=marketing_warehouse_pipeline, task_id=ingest_google, run_id=manual__2026-02-12T06:09:41.327042+00:00, execution_date=20260212T060941, start_date=20260212T060943, end_date=20260212T060947
[2026-02-12T06:09:47.342+0000] {standard_task_runner.py:110} ERROR - Failed to execute job 67 for task ingest_google (Bash command failed. The command returned a non-zero exit code 1.; 773)
[2026-02-12T06:09:47.378+0000] {local_task_job_runner.py:240} INFO - Task exited with return code 1
[2026-02-12T06:09:47.553+0000] {local_task_job_runner.py:222} INFO - ::endgroup::
